CRITICAL - 2023-04-24 13:06:46 --> Undefined variable $header
in APPPATH/Views/persona/listar.php on line 1.
 1 APPPATH/Views/persona/listar.php(1): CodeIgniter\Debug\Exceptions->errorHandler(2, 'Undefined variable $header', '/opt/lampp/htdocs/MyPages/PageOfficial/EJERCICIO-6/Code4/app/Views/persona/listar.php', 1)
 2 SYSTEMPATH/View/View.php(213): include('/opt/lampp/htdocs/MyPages/PageOfficial/EJERCICIO-6/Code4/app/Views/persona/listar.php')
 3 SYSTEMPATH/View/View.php(216): CodeIgniter\View\View->CodeIgniter\View\{closure}()
 4 SYSTEMPATH/Common.php(1184): CodeIgniter\View\View->render('persona/listar', [], true)
 5 APPPATH/Controllers/Home.php(9): view('persona/listar')
 6 SYSTEMPATH/CodeIgniter.php(934): App\Controllers\Home->index()
 7 SYSTEMPATH/CodeIgniter.php(499): CodeIgniter\CodeIgniter->runController(Object(App\Controllers\Home))
 8 SYSTEMPATH/CodeIgniter.php(368): CodeIgniter\CodeIgniter->handleRequest(null, Object(Config\Cache), false)
 9 FCPATH/index.php(67): CodeIgniter\CodeIgniter->run()
CRITICAL - 2023-04-24 13:07:27 --> Undefined variable $header
in APPPATH/Views/persona/listar.php on line 1.
 1 APPPATH/Views/persona/listar.php(1): CodeIgniter\Debug\Exceptions->errorHandler(2, 'Undefined variable $header', '/opt/lampp/htdocs/MyPages/PageOfficial/EJERCICIO-6/Code4/app/Views/persona/listar.php', 1)
 2 SYSTEMPATH/View/View.php(213): include('/opt/lampp/htdocs/MyPages/PageOfficial/EJERCICIO-6/Code4/app/Views/persona/listar.php')
 3 SYSTEMPATH/View/View.php(216): CodeIgniter\View\View->CodeIgniter\View\{closure}()
 4 SYSTEMPATH/Common.php(1184): CodeIgniter\View\View->render('persona/listar', [], true)
 5 APPPATH/Controllers/Home.php(9): view('persona/listar')
 6 SYSTEMPATH/CodeIgniter.php(934): App\Controllers\Home->index()
 7 SYSTEMPATH/CodeIgniter.php(499): CodeIgniter\CodeIgniter->runController(Object(App\Controllers\Home))
 8 SYSTEMPATH/CodeIgniter.php(368): CodeIgniter\CodeIgniter->handleRequest(null, Object(Config\Cache), false)
 9 FCPATH/index.php(67): CodeIgniter\CodeIgniter->run()
CRITICAL - 2023-04-24 13:07:29 --> Undefined variable $header
in APPPATH/Views/persona/listar.php on line 1.
 1 APPPATH/Views/persona/listar.php(1): CodeIgniter\Debug\Exceptions->errorHandler(2, 'Undefined variable $header', '/opt/lampp/htdocs/MyPages/PageOfficial/EJERCICIO-6/Code4/app/Views/persona/listar.php', 1)
 2 SYSTEMPATH/View/View.php(213): include('/opt/lampp/htdocs/MyPages/PageOfficial/EJERCICIO-6/Code4/app/Views/persona/listar.php')
 3 SYSTEMPATH/View/View.php(216): CodeIgniter\View\View->CodeIgniter\View\{closure}()
 4 SYSTEMPATH/Common.php(1184): CodeIgniter\View\View->render('persona/listar', [], true)
 5 APPPATH/Controllers/Home.php(9): view('persona/listar')
 6 SYSTEMPATH/CodeIgniter.php(934): App\Controllers\Home->index()
 7 SYSTEMPATH/CodeIgniter.php(499): CodeIgniter\CodeIgniter->runController(Object(App\Controllers\Home))
 8 SYSTEMPATH/CodeIgniter.php(368): CodeIgniter\CodeIgniter->handleRequest(null, Object(Config\Cache), false)
 9 FCPATH/index.php(67): CodeIgniter\CodeIgniter->run()
CRITICAL - 2023-04-24 13:10:27 --> Undefined variable $header
in APPPATH/Views/persona/listar.php on line 1.
 1 APPPATH/Views/persona/listar.php(1): CodeIgniter\Debug\Exceptions->errorHandler(2, 'Undefined variable $header', '/opt/lampp/htdocs/MyPages/PageOfficial/EJERCICIO-6/Code4/app/Views/persona/listar.php', 1)
 2 SYSTEMPATH/View/View.php(213): include('/opt/lampp/htdocs/MyPages/PageOfficial/EJERCICIO-6/Code4/app/Views/persona/listar.php')
 3 SYSTEMPATH/View/View.php(216): CodeIgniter\View\View->CodeIgniter\View\{closure}()
 4 SYSTEMPATH/Common.php(1184): CodeIgniter\View\View->render('persona/listar', [], true)
 5 APPPATH/Controllers/Home.php(9): view('persona/listar')
 6 SYSTEMPATH/CodeIgniter.php(934): App\Controllers\Home->index()
 7 SYSTEMPATH/CodeIgniter.php(499): CodeIgniter\CodeIgniter->runController(Object(App\Controllers\Home))
 8 SYSTEMPATH/CodeIgniter.php(368): CodeIgniter\CodeIgniter->handleRequest(null, Object(Config\Cache), false)
 9 FCPATH/index.php(67): CodeIgniter\CodeIgniter->run()
CRITICAL - 2023-04-24 13:10:29 --> Undefined variable $header
in APPPATH/Views/persona/listar.php on line 1.
 1 APPPATH/Views/persona/listar.php(1): CodeIgniter\Debug\Exceptions->errorHandler(2, 'Undefined variable $header', '/opt/lampp/htdocs/MyPages/PageOfficial/EJERCICIO-6/Code4/app/Views/persona/listar.php', 1)
 2 SYSTEMPATH/View/View.php(213): include('/opt/lampp/htdocs/MyPages/PageOfficial/EJERCICIO-6/Code4/app/Views/persona/listar.php')
 3 SYSTEMPATH/View/View.php(216): CodeIgniter\View\View->CodeIgniter\View\{closure}()
 4 SYSTEMPATH/Common.php(1184): CodeIgniter\View\View->render('persona/listar', [], true)
 5 APPPATH/Controllers/Home.php(9): view('persona/listar')
 6 SYSTEMPATH/CodeIgniter.php(934): App\Controllers\Home->index()
 7 SYSTEMPATH/CodeIgniter.php(499): CodeIgniter\CodeIgniter->runController(Object(App\Controllers\Home))
 8 SYSTEMPATH/CodeIgniter.php(368): CodeIgniter\CodeIgniter->handleRequest(null, Object(Config\Cache), false)
 9 FCPATH/index.php(67): CodeIgniter\CodeIgniter->run()
CRITICAL - 2023-04-24 13:10:57 --> Undefined variable $header
in APPPATH/Views/persona/listar.php on line 1.
 1 APPPATH/Views/persona/listar.php(1): CodeIgniter\Debug\Exceptions->errorHandler(2, 'Undefined variable $header', '/opt/lampp/htdocs/MyPages/PageOfficial/EJERCICIO-6/Code4/app/Views/persona/listar.php', 1)
 2 SYSTEMPATH/View/View.php(213): include('/opt/lampp/htdocs/MyPages/PageOfficial/EJERCICIO-6/Code4/app/Views/persona/listar.php')
 3 SYSTEMPATH/View/View.php(216): CodeIgniter\View\View->CodeIgniter\View\{closure}()
 4 SYSTEMPATH/Common.php(1184): CodeIgniter\View\View->render('persona/listar', [], true)
 5 APPPATH/Controllers/Home.php(9): view('persona/listar')
 6 SYSTEMPATH/CodeIgniter.php(934): App\Controllers\Home->index()
 7 SYSTEMPATH/CodeIgniter.php(499): CodeIgniter\CodeIgniter->runController(Object(App\Controllers\Home))
 8 SYSTEMPATH/CodeIgniter.php(368): CodeIgniter\CodeIgniter->handleRequest(null, Object(Config\Cache), false)
 9 FCPATH/index.php(67): CodeIgniter\CodeIgniter->run()
CRITICAL - 2023-04-24 13:15:43 --> Undefined variable $header
in APPPATH/Views/persona/listar.php on line 1.
 1 APPPATH/Views/persona/listar.php(1): CodeIgniter\Debug\Exceptions->errorHandler(2, 'Undefined variable $header', '/opt/lampp/htdocs/MyPages/PageOfficial/EJERCICIO-6/Code4/app/Views/persona/listar.php', 1)
 2 SYSTEMPATH/View/View.php(213): include('/opt/lampp/htdocs/MyPages/PageOfficial/EJERCICIO-6/Code4/app/Views/persona/listar.php')
 3 SYSTEMPATH/View/View.php(216): CodeIgniter\View\View->CodeIgniter\View\{closure}()
 4 SYSTEMPATH/Common.php(1184): CodeIgniter\View\View->render('persona/listar', [], true)
 5 APPPATH/Controllers/Home.php(9): view('persona/listar')
 6 SYSTEMPATH/CodeIgniter.php(934): App\Controllers\Home->index()
 7 SYSTEMPATH/CodeIgniter.php(499): CodeIgniter\CodeIgniter->runController(Object(App\Controllers\Home))
 8 SYSTEMPATH/CodeIgniter.php(368): CodeIgniter\CodeIgniter->handleRequest(null, Object(Config\Cache), false)
 9 FCPATH/index.php(67): CodeIgniter\CodeIgniter->run()
CRITICAL - 2023-04-24 13:15:45 --> Undefined variable $header
in APPPATH/Views/persona/listar.php on line 1.
 1 APPPATH/Views/persona/listar.php(1): CodeIgniter\Debug\Exceptions->errorHandler(2, 'Undefined variable $header', '/opt/lampp/htdocs/MyPages/PageOfficial/EJERCICIO-6/Code4/app/Views/persona/listar.php', 1)
 2 SYSTEMPATH/View/View.php(213): include('/opt/lampp/htdocs/MyPages/PageOfficial/EJERCICIO-6/Code4/app/Views/persona/listar.php')
 3 SYSTEMPATH/View/View.php(216): CodeIgniter\View\View->CodeIgniter\View\{closure}()
 4 SYSTEMPATH/Common.php(1184): CodeIgniter\View\View->render('persona/listar', [], true)
 5 APPPATH/Controllers/Home.php(9): view('persona/listar')
 6 SYSTEMPATH/CodeIgniter.php(934): App\Controllers\Home->index()
 7 SYSTEMPATH/CodeIgniter.php(499): CodeIgniter\CodeIgniter->runController(Object(App\Controllers\Home))
 8 SYSTEMPATH/CodeIgniter.php(368): CodeIgniter\CodeIgniter->handleRequest(null, Object(Config\Cache), false)
 9 FCPATH/index.php(67): CodeIgniter\CodeIgniter->run()
CRITICAL - 2023-04-24 13:17:00 --> Undefined variable $header
in APPPATH/Views/persona/listar.php on line 1.
 1 APPPATH/Views/persona/listar.php(1): CodeIgniter\Debug\Exceptions->errorHandler(2, 'Undefined variable $header', '/opt/lampp/htdocs/MyPages/PageOfficial/EJERCICIO-6/Code4/app/Views/persona/listar.php', 1)
 2 SYSTEMPATH/View/View.php(213): include('/opt/lampp/htdocs/MyPages/PageOfficial/EJERCICIO-6/Code4/app/Views/persona/listar.php')
 3 SYSTEMPATH/View/View.php(216): CodeIgniter\View\View->CodeIgniter\View\{closure}()
 4 SYSTEMPATH/Common.php(1184): CodeIgniter\View\View->render('persona/listar', [], true)
 5 APPPATH/Controllers/Home.php(9): view('persona/listar')
 6 SYSTEMPATH/CodeIgniter.php(934): App\Controllers\Home->index()
 7 SYSTEMPATH/CodeIgniter.php(499): CodeIgniter\CodeIgniter->runController(Object(App\Controllers\Home))
 8 SYSTEMPATH/CodeIgniter.php(368): CodeIgniter\CodeIgniter->handleRequest(null, Object(Config\Cache), false)
 9 FCPATH/index.php(67): CodeIgniter\CodeIgniter->run()
CRITICAL - 2023-04-24 13:17:01 --> Undefined variable $header
in APPPATH/Views/persona/listar.php on line 1.
 1 APPPATH/Views/persona/listar.php(1): CodeIgniter\Debug\Exceptions->errorHandler(2, 'Undefined variable $header', '/opt/lampp/htdocs/MyPages/PageOfficial/EJERCICIO-6/Code4/app/Views/persona/listar.php', 1)
 2 SYSTEMPATH/View/View.php(213): include('/opt/lampp/htdocs/MyPages/PageOfficial/EJERCICIO-6/Code4/app/Views/persona/listar.php')
 3 SYSTEMPATH/View/View.php(216): CodeIgniter\View\View->CodeIgniter\View\{closure}()
 4 SYSTEMPATH/Common.php(1184): CodeIgniter\View\View->render('persona/listar', [], true)
 5 APPPATH/Controllers/Home.php(9): view('persona/listar')
 6 SYSTEMPATH/CodeIgniter.php(934): App\Controllers\Home->index()
 7 SYSTEMPATH/CodeIgniter.php(499): CodeIgniter\CodeIgniter->runController(Object(App\Controllers\Home))
 8 SYSTEMPATH/CodeIgniter.php(368): CodeIgniter\CodeIgniter->handleRequest(null, Object(Config\Cache), false)
 9 FCPATH/index.php(67): CodeIgniter\CodeIgniter->run()
CRITICAL - 2023-04-24 13:17:11 --> Invalid file: "template/cabecera.php"
in SYSTEMPATH/Exceptions/FrameworkException.php on line 33.
 1 SYSTEMPATH/View/View.php(201): CodeIgniter\Exceptions\FrameworkException::forInvalidFile('template/cabecera.php')
 2 SYSTEMPATH/Common.php(1184): CodeIgniter\View\View->render('template/cabecera', [], true)
 3 APPPATH/Controllers/Personas.php(20): view('template/cabecera')
 4 SYSTEMPATH/CodeIgniter.php(934): App\Controllers\Personas->crear()
 5 SYSTEMPATH/CodeIgniter.php(499): CodeIgniter\CodeIgniter->runController(Object(App\Controllers\Personas))
 6 SYSTEMPATH/CodeIgniter.php(368): CodeIgniter\CodeIgniter->handleRequest(null, Object(Config\Cache), false)
 7 FCPATH/index.php(67): CodeIgniter\CodeIgniter->run()
CRITICAL - 2023-04-24 13:17:29 --> Invalid file: "template/cabecera.php"
in SYSTEMPATH/Exceptions/FrameworkException.php on line 33.
 1 SYSTEMPATH/View/View.php(201): CodeIgniter\Exceptions\FrameworkException::forInvalidFile('template/cabecera.php')
 2 SYSTEMPATH/Common.php(1184): CodeIgniter\View\View->render('template/cabecera', [], true)
 3 APPPATH/Controllers/Personas.php(20): view('template/cabecera')
 4 SYSTEMPATH/CodeIgniter.php(934): App\Controllers\Personas->crear()
 5 SYSTEMPATH/CodeIgniter.php(499): CodeIgniter\CodeIgniter->runController(Object(App\Controllers\Personas))
 6 SYSTEMPATH/CodeIgniter.php(368): CodeIgniter\CodeIgniter->handleRequest(null, Object(Config\Cache), false)
 7 FCPATH/index.php(67): CodeIgniter\CodeIgniter->run()
CRITICAL - 2023-04-24 13:18:16 --> Undefined variable $header
in APPPATH/Views/persona/listar.php on line 1.
 1 APPPATH/Views/persona/listar.php(1): CodeIgniter\Debug\Exceptions->errorHandler(2, 'Undefined variable $header', '/opt/lampp/htdocs/MyPages/PageOfficial/EJERCICIO-6/Code4/app/Views/persona/listar.php', 1)
 2 SYSTEMPATH/View/View.php(213): include('/opt/lampp/htdocs/MyPages/PageOfficial/EJERCICIO-6/Code4/app/Views/persona/listar.php')
 3 SYSTEMPATH/View/View.php(216): CodeIgniter\View\View->CodeIgniter\View\{closure}()
 4 SYSTEMPATH/Common.php(1184): CodeIgniter\View\View->render('persona/listar', [], true)
 5 APPPATH/Controllers/Home.php(9): view('persona/listar')
 6 SYSTEMPATH/CodeIgniter.php(934): App\Controllers\Home->index()
 7 SYSTEMPATH/CodeIgniter.php(499): CodeIgniter\CodeIgniter->runController(Object(App\Controllers\Home))
 8 SYSTEMPATH/CodeIgniter.php(368): CodeIgniter\CodeIgniter->handleRequest(null, Object(Config\Cache), false)
 9 FCPATH/index.php(67): CodeIgniter\CodeIgniter->run()
CRITICAL - 2023-04-24 13:19:00 --> Undefined variable $header
in APPPATH/Views/persona/listar.php on line 1.
 1 APPPATH/Views/persona/listar.php(1): CodeIgniter\Debug\Exceptions->errorHandler(2, 'Undefined variable $header', '/opt/lampp/htdocs/MyPages/PageOfficial/EJERCICIO-6/Code4/app/Views/persona/listar.php', 1)
 2 SYSTEMPATH/View/View.php(213): include('/opt/lampp/htdocs/MyPages/PageOfficial/EJERCICIO-6/Code4/app/Views/persona/listar.php')
 3 SYSTEMPATH/View/View.php(216): CodeIgniter\View\View->CodeIgniter\View\{closure}()
 4 SYSTEMPATH/Common.php(1184): CodeIgniter\View\View->render('persona/listar', [], true)
 5 APPPATH/Controllers/Home.php(9): view('persona/listar')
 6 SYSTEMPATH/CodeIgniter.php(934): App\Controllers\Home->index()
 7 SYSTEMPATH/CodeIgniter.php(499): CodeIgniter\CodeIgniter->runController(Object(App\Controllers\Home))
 8 SYSTEMPATH/CodeIgniter.php(368): CodeIgniter\CodeIgniter->handleRequest(null, Object(Config\Cache), false)
 9 FCPATH/index.php(67): CodeIgniter\CodeIgniter->run()
CRITICAL - 2023-04-24 13:19:02 --> Undefined variable $header
in APPPATH/Views/persona/listar.php on line 1.
 1 APPPATH/Views/persona/listar.php(1): CodeIgniter\Debug\Exceptions->errorHandler(2, 'Undefined variable $header', '/opt/lampp/htdocs/MyPages/PageOfficial/EJERCICIO-6/Code4/app/Views/persona/listar.php', 1)
 2 SYSTEMPATH/View/View.php(213): include('/opt/lampp/htdocs/MyPages/PageOfficial/EJERCICIO-6/Code4/app/Views/persona/listar.php')
 3 SYSTEMPATH/View/View.php(216): CodeIgniter\View\View->CodeIgniter\View\{closure}()
 4 SYSTEMPATH/Common.php(1184): CodeIgniter\View\View->render('persona/listar', [], true)
 5 APPPATH/Controllers/Home.php(9): view('persona/listar')
 6 SYSTEMPATH/CodeIgniter.php(934): App\Controllers\Home->index()
 7 SYSTEMPATH/CodeIgniter.php(499): CodeIgniter\CodeIgniter->runController(Object(App\Controllers\Home))
 8 SYSTEMPATH/CodeIgniter.php(368): CodeIgniter\CodeIgniter->handleRequest(null, Object(Config\Cache), false)
 9 FCPATH/index.php(67): CodeIgniter\CodeIgniter->run()
CRITICAL - 2023-04-24 13:19:30 --> Undefined variable $header
in APPPATH/Views/persona/listar.php on line 1.
 1 APPPATH/Views/persona/listar.php(1): CodeIgniter\Debug\Exceptions->errorHandler(2, 'Undefined variable $header', '/opt/lampp/htdocs/MyPages/PageOfficial/EJERCICIO-6/Code4/app/Views/persona/listar.php', 1)
 2 SYSTEMPATH/View/View.php(213): include('/opt/lampp/htdocs/MyPages/PageOfficial/EJERCICIO-6/Code4/app/Views/persona/listar.php')
 3 SYSTEMPATH/View/View.php(216): CodeIgniter\View\View->CodeIgniter\View\{closure}()
 4 SYSTEMPATH/Common.php(1184): CodeIgniter\View\View->render('persona/listar', [], true)
 5 APPPATH/Controllers/Home.php(9): view('persona/listar')
 6 SYSTEMPATH/CodeIgniter.php(934): App\Controllers\Home->index()
 7 SYSTEMPATH/CodeIgniter.php(499): CodeIgniter\CodeIgniter->runController(Object(App\Controllers\Home))
 8 SYSTEMPATH/CodeIgniter.php(368): CodeIgniter\CodeIgniter->handleRequest(null, Object(Config\Cache), false)
 9 FCPATH/index.php(67): CodeIgniter\CodeIgniter->run()
CRITICAL - 2023-04-24 13:20:08 --> Undefined variable $header
in APPPATH/Views/persona/listar.php on line 1.
 1 APPPATH/Views/persona/listar.php(1): CodeIgniter\Debug\Exceptions->errorHandler(2, 'Undefined variable $header', '/opt/lampp/htdocs/MyPages/PageOfficial/EJERCICIO-6/Code4/app/Views/persona/listar.php', 1)
 2 SYSTEMPATH/View/View.php(213): include('/opt/lampp/htdocs/MyPages/PageOfficial/EJERCICIO-6/Code4/app/Views/persona/listar.php')
 3 SYSTEMPATH/View/View.php(216): CodeIgniter\View\View->CodeIgniter\View\{closure}()
 4 SYSTEMPATH/Common.php(1184): CodeIgniter\View\View->render('persona/listar', [], true)
 5 APPPATH/Controllers/Home.php(9): view('persona/listar')
 6 SYSTEMPATH/CodeIgniter.php(934): App\Controllers\Home->index()
 7 SYSTEMPATH/CodeIgniter.php(499): CodeIgniter\CodeIgniter->runController(Object(App\Controllers\Home))
 8 SYSTEMPATH/CodeIgniter.php(368): CodeIgniter\CodeIgniter->handleRequest(null, Object(Config\Cache), false)
 9 FCPATH/index.php(67): CodeIgniter\CodeIgniter->run()
CRITICAL - 2023-04-24 13:20:56 --> Undefined variable $header
in APPPATH/Views/persona/listar.php on line 1.
 1 APPPATH/Views/persona/listar.php(1): CodeIgniter\Debug\Exceptions->errorHandler(2, 'Undefined variable $header', '/opt/lampp/htdocs/MyPages/PageOfficial/EJERCICIO-6/Code4/app/Views/persona/listar.php', 1)
 2 SYSTEMPATH/View/View.php(213): include('/opt/lampp/htdocs/MyPages/PageOfficial/EJERCICIO-6/Code4/app/Views/persona/listar.php')
 3 SYSTEMPATH/View/View.php(216): CodeIgniter\View\View->CodeIgniter\View\{closure}()
 4 SYSTEMPATH/Common.php(1184): CodeIgniter\View\View->render('persona/listar', [], true)
 5 APPPATH/Controllers/Home.php(9): view('persona/listar')
 6 SYSTEMPATH/CodeIgniter.php(934): App\Controllers\Home->index()
 7 SYSTEMPATH/CodeIgniter.php(499): CodeIgniter\CodeIgniter->runController(Object(App\Controllers\Home))
 8 SYSTEMPATH/CodeIgniter.php(368): CodeIgniter\CodeIgniter->handleRequest(null, Object(Config\Cache), false)
 9 FCPATH/index.php(67): CodeIgniter\CodeIgniter->run()
CRITICAL - 2023-04-24 13:23:50 --> Undefined variable $header
in APPPATH/Views/persona/listar.php on line 1.
 1 APPPATH/Views/persona/listar.php(1): CodeIgniter\Debug\Exceptions->errorHandler(2, 'Undefined variable $header', '/opt/lampp/htdocs/MyPages/PageOfficial/EJERCICIO-6/Code4/app/Views/persona/listar.php', 1)
 2 SYSTEMPATH/View/View.php(213): include('/opt/lampp/htdocs/MyPages/PageOfficial/EJERCICIO-6/Code4/app/Views/persona/listar.php')
 3 SYSTEMPATH/View/View.php(216): CodeIgniter\View\View->CodeIgniter\View\{closure}()
 4 SYSTEMPATH/Common.php(1184): CodeIgniter\View\View->render('persona/listar', [], true)
 5 APPPATH/Controllers/Home.php(9): view('persona/listar')
 6 SYSTEMPATH/CodeIgniter.php(934): App\Controllers\Home->index()
 7 SYSTEMPATH/CodeIgniter.php(499): CodeIgniter\CodeIgniter->runController(Object(App\Controllers\Home))
 8 SYSTEMPATH/CodeIgniter.php(368): CodeIgniter\CodeIgniter->handleRequest(null, Object(Config\Cache), false)
 9 FCPATH/index.php(67): CodeIgniter\CodeIgniter->run()
CRITICAL - 2023-04-24 13:23:52 --> Undefined variable $header
in APPPATH/Views/persona/listar.php on line 1.
 1 APPPATH/Views/persona/listar.php(1): CodeIgniter\Debug\Exceptions->errorHandler(2, 'Undefined variable $header', '/opt/lampp/htdocs/MyPages/PageOfficial/EJERCICIO-6/Code4/app/Views/persona/listar.php', 1)
 2 SYSTEMPATH/View/View.php(213): include('/opt/lampp/htdocs/MyPages/PageOfficial/EJERCICIO-6/Code4/app/Views/persona/listar.php')
 3 SYSTEMPATH/View/View.php(216): CodeIgniter\View\View->CodeIgniter\View\{closure}()
 4 SYSTEMPATH/Common.php(1184): CodeIgniter\View\View->render('persona/listar', [], true)
 5 APPPATH/Controllers/Home.php(9): view('persona/listar')
 6 SYSTEMPATH/CodeIgniter.php(934): App\Controllers\Home->index()
 7 SYSTEMPATH/CodeIgniter.php(499): CodeIgniter\CodeIgniter->runController(Object(App\Controllers\Home))
 8 SYSTEMPATH/CodeIgniter.php(368): CodeIgniter\CodeIgniter->handleRequest(null, Object(Config\Cache), false)
 9 FCPATH/index.php(67): CodeIgniter\CodeIgniter->run()
CRITICAL - 2023-04-24 13:24:22 --> Undefined variable $header
in APPPATH/Views/persona/listar.php on line 1.
 1 APPPATH/Views/persona/listar.php(1): CodeIgniter\Debug\Exceptions->errorHandler(2, 'Undefined variable $header', '/opt/lampp/htdocs/MyPages/PageOfficial/EJERCICIO-6/Code4/app/Views/persona/listar.php', 1)
 2 SYSTEMPATH/View/View.php(213): include('/opt/lampp/htdocs/MyPages/PageOfficial/EJERCICIO-6/Code4/app/Views/persona/listar.php')
 3 SYSTEMPATH/View/View.php(216): CodeIgniter\View\View->CodeIgniter\View\{closure}()
 4 SYSTEMPATH/Common.php(1184): CodeIgniter\View\View->render('persona/listar', [], true)
 5 APPPATH/Controllers/Home.php(9): view('persona/listar')
 6 SYSTEMPATH/CodeIgniter.php(934): App\Controllers\Home->index()
 7 SYSTEMPATH/CodeIgniter.php(499): CodeIgniter\CodeIgniter->runController(Object(App\Controllers\Home))
 8 SYSTEMPATH/CodeIgniter.php(368): CodeIgniter\CodeIgniter->handleRequest(null, Object(Config\Cache), false)
 9 FCPATH/index.php(67): CodeIgniter\CodeIgniter->run()
CRITICAL - 2023-04-24 13:26:13 --> Undefined variable $header
in APPPATH/Views/persona/listar.php on line 1.
 1 APPPATH/Views/persona/listar.php(1): CodeIgniter\Debug\Exceptions->errorHandler(2, 'Undefined variable $header', '/opt/lampp/htdocs/MyPages/PageOfficial/EJERCICIO-6/Code4/app/Views/persona/listar.php', 1)
 2 SYSTEMPATH/View/View.php(213): include('/opt/lampp/htdocs/MyPages/PageOfficial/EJERCICIO-6/Code4/app/Views/persona/listar.php')
 3 SYSTEMPATH/View/View.php(216): CodeIgniter\View\View->CodeIgniter\View\{closure}()
 4 SYSTEMPATH/Common.php(1184): CodeIgniter\View\View->render('persona/listar', [], true)
 5 APPPATH/Controllers/Home.php(9): view('persona/listar')
 6 SYSTEMPATH/CodeIgniter.php(934): App\Controllers\Home->index()
 7 SYSTEMPATH/CodeIgniter.php(499): CodeIgniter\CodeIgniter->runController(Object(App\Controllers\Home))
 8 SYSTEMPATH/CodeIgniter.php(368): CodeIgniter\CodeIgniter->handleRequest(null, Object(Config\Cache), false)
 9 FCPATH/index.php(67): CodeIgniter\CodeIgniter->run()
CRITICAL - 2023-04-24 13:32:49 --> Undefined variable $header
in APPPATH/Views/persona/listar.php on line 1.
 1 APPPATH/Views/persona/listar.php(1): CodeIgniter\Debug\Exceptions->errorHandler(2, 'Undefined variable $header', '/opt/lampp/htdocs/MyPages/PageOfficial/EJERCICIO-6/Code4/app/Views/persona/listar.php', 1)
 2 SYSTEMPATH/View/View.php(213): include('/opt/lampp/htdocs/MyPages/PageOfficial/EJERCICIO-6/Code4/app/Views/persona/listar.php')
 3 SYSTEMPATH/View/View.php(216): CodeIgniter\View\View->CodeIgniter\View\{closure}()
 4 SYSTEMPATH/Common.php(1184): CodeIgniter\View\View->render('persona/listar', [], true)
 5 APPPATH/Controllers/Home.php(9): view('persona/listar')
 6 SYSTEMPATH/CodeIgniter.php(934): App\Controllers\Home->index()
 7 SYSTEMPATH/CodeIgniter.php(499): CodeIgniter\CodeIgniter->runController(Object(App\Controllers\Home))
 8 SYSTEMPATH/CodeIgniter.php(368): CodeIgniter\CodeIgniter->handleRequest(null, Object(Config\Cache), false)
 9 FCPATH/index.php(67): CodeIgniter\CodeIgniter->run()
CRITICAL - 2023-04-24 13:33:00 --> Undefined variable $header
in APPPATH/Views/persona/listar.php on line 1.
 1 APPPATH/Views/persona/listar.php(1): CodeIgniter\Debug\Exceptions->errorHandler(2, 'Undefined variable $header', '/opt/lampp/htdocs/MyPages/PageOfficial/EJERCICIO-6/Code4/app/Views/persona/listar.php', 1)
 2 SYSTEMPATH/View/View.php(213): include('/opt/lampp/htdocs/MyPages/PageOfficial/EJERCICIO-6/Code4/app/Views/persona/listar.php')
 3 SYSTEMPATH/View/View.php(216): CodeIgniter\View\View->CodeIgniter\View\{closure}()
 4 SYSTEMPATH/Common.php(1184): CodeIgniter\View\View->render('persona/listar', [], true)
 5 APPPATH/Controllers/Home.php(9): view('persona/listar')
 6 SYSTEMPATH/CodeIgniter.php(934): App\Controllers\Home->index()
 7 SYSTEMPATH/CodeIgniter.php(499): CodeIgniter\CodeIgniter->runController(Object(App\Controllers\Home))
 8 SYSTEMPATH/CodeIgniter.php(368): CodeIgniter\CodeIgniter->handleRequest(null, Object(Config\Cache), false)
 9 FCPATH/index.php(67): CodeIgniter\CodeIgniter->run()
ERROR - 2023-04-24 13:46:47 --> mysqli_sql_exception: Duplicate entry '0' for key 'PRIMARY' in /opt/lampp/htdocs/MyPages/PageOfficial/EJERCICIO-6/Code4/system/Database/MySQLi/Connection.php:295
Stack trace:
#0 /opt/lampp/htdocs/MyPages/PageOfficial/EJERCICIO-6/Code4/system/Database/MySQLi/Connection.php(295): mysqli->query('INSERT INTO `PE...', 0)
#1 /opt/lampp/htdocs/MyPages/PageOfficial/EJERCICIO-6/Code4/system/Database/BaseConnection.php(691): CodeIgniter\Database\MySQLi\Connection->execute('INSERT INTO `PE...')
#2 /opt/lampp/htdocs/MyPages/PageOfficial/EJERCICIO-6/Code4/system/Database/BaseConnection.php(605): CodeIgniter\Database\BaseConnection->simpleQuery('INSERT INTO `PE...')
#3 /opt/lampp/htdocs/MyPages/PageOfficial/EJERCICIO-6/Code4/system/Database/BaseBuilder.php(2309): CodeIgniter\Database\BaseConnection->query('INSERT INTO `PE...', Array, false)
#4 /opt/lampp/htdocs/MyPages/PageOfficial/EJERCICIO-6/Code4/system/Model.php(330): CodeIgniter\Database\BaseBuilder->insert()
#5 /opt/lampp/htdocs/MyPages/PageOfficial/EJERCICIO-6/Code4/system/BaseModel.php(782): CodeIgniter\Model->doInsert(Array)
#6 /opt/lampp/htdocs/MyPages/PageOfficial/EJERCICIO-6/Code4/system/Model.php(730): CodeIgniter\BaseModel->insert(Array, true)
#7 /opt/lampp/htdocs/MyPages/PageOfficial/EJERCICIO-6/Code4/app/Controllers/Personas.php(41): CodeIgniter\Model->insert(Array)
#8 /opt/lampp/htdocs/MyPages/PageOfficial/EJERCICIO-6/Code4/system/CodeIgniter.php(934): App\Controllers\Personas->guardar()
#9 /opt/lampp/htdocs/MyPages/PageOfficial/EJERCICIO-6/Code4/system/CodeIgniter.php(499): CodeIgniter\CodeIgniter->runController(Object(App\Controllers\Personas))
#10 /opt/lampp/htdocs/MyPages/PageOfficial/EJERCICIO-6/Code4/system/CodeIgniter.php(368): CodeIgniter\CodeIgniter->handleRequest(NULL, Object(Config\Cache), false)
#11 /opt/lampp/htdocs/MyPages/PageOfficial/EJERCICIO-6/Code4/public/index.php(67): CodeIgniter\CodeIgniter->run()
#12 {main}
CRITICAL - 2023-04-24 13:46:47 --> Duplicate entry '0' for key 'PRIMARY'
in SYSTEMPATH/Database/MySQLi/Connection.php on line 295.
 1 SYSTEMPATH/Database/MySQLi/Connection.php(295): mysqli->query('INSERT INTO `PERSONA` (`NOMBRE_COMPLETO`, `FECHA_NAC`, `TELEFONO`, `DEPARTAMENTO`) VALUES (\'abcd\', \'1232-12-02\', \'(591)7328474\', NULL)', 0)
 2 SYSTEMPATH/Database/BaseConnection.php(691): CodeIgniter\Database\MySQLi\Connection->execute('INSERT INTO `PERSONA` (`NOMBRE_COMPLETO`, `FECHA_NAC`, `TELEFONO`, `DEPARTAMENTO`) VALUES (\'abcd\', \'1232-12-02\', \'(591)7328474\', NULL)')
 3 SYSTEMPATH/Database/BaseConnection.php(605): CodeIgniter\Database\BaseConnection->simpleQuery('INSERT INTO `PERSONA` (`NOMBRE_COMPLETO`, `FECHA_NAC`, `TELEFONO`, `DEPARTAMENTO`) VALUES (\'abcd\', \'1232-12-02\', \'(591)7328474\', NULL)')
 4 SYSTEMPATH/Database/BaseBuilder.php(2309): CodeIgniter\Database\BaseConnection->query('INSERT INTO `PERSONA` (`NOMBRE_COMPLETO`, `FECHA_NAC`, `TELEFONO`, `DEPARTAMENTO`) VALUES (:NOMBRE_COMPLETO:, :FECHA_NAC:, :TELEFONO:, :DEPARTAMENTO:)', [...], false)
 5 SYSTEMPATH/Model.php(330): CodeIgniter\Database\BaseBuilder->insert()
 6 SYSTEMPATH/BaseModel.php(782): CodeIgniter\Model->doInsert([...])
 7 SYSTEMPATH/Model.php(730): CodeIgniter\BaseModel->insert([...], true)
 8 APPPATH/Controllers/Personas.php(41): CodeIgniter\Model->insert([...])
 9 SYSTEMPATH/CodeIgniter.php(934): App\Controllers\Personas->guardar()
10 SYSTEMPATH/CodeIgniter.php(499): CodeIgniter\CodeIgniter->runController(Object(App\Controllers\Personas))
11 SYSTEMPATH/CodeIgniter.php(368): CodeIgniter\CodeIgniter->handleRequest(null, Object(Config\Cache), false)
12 FCPATH/index.php(67): CodeIgniter\CodeIgniter->run()
CRITICAL - 2023-04-24 13:46:55 --> Undefined variable $header
in APPPATH/Views/persona/listar.php on line 1.
 1 APPPATH/Views/persona/listar.php(1): CodeIgniter\Debug\Exceptions->errorHandler(2, 'Undefined variable $header', '/opt/lampp/htdocs/MyPages/PageOfficial/EJERCICIO-6/Code4/app/Views/persona/listar.php', 1)
 2 SYSTEMPATH/View/View.php(213): include('/opt/lampp/htdocs/MyPages/PageOfficial/EJERCICIO-6/Code4/app/Views/persona/listar.php')
 3 SYSTEMPATH/View/View.php(216): CodeIgniter\View\View->CodeIgniter\View\{closure}()
 4 SYSTEMPATH/Common.php(1184): CodeIgniter\View\View->render('persona/listar', [], true)
 5 APPPATH/Controllers/Home.php(9): view('persona/listar')
 6 SYSTEMPATH/CodeIgniter.php(934): App\Controllers\Home->index()
 7 SYSTEMPATH/CodeIgniter.php(499): CodeIgniter\CodeIgniter->runController(Object(App\Controllers\Home))
 8 SYSTEMPATH/CodeIgniter.php(368): CodeIgniter\CodeIgniter->handleRequest(null, Object(Config\Cache), false)
 9 FCPATH/index.php(67): CodeIgniter\CodeIgniter->run()
CRITICAL - 2023-04-24 13:48:55 --> Undefined variable $header
in APPPATH/Views/persona/listar.php on line 1.
 1 APPPATH/Views/persona/listar.php(1): CodeIgniter\Debug\Exceptions->errorHandler(2, 'Undefined variable $header', '/opt/lampp/htdocs/MyPages/PageOfficial/EJERCICIO-6/Code4/app/Views/persona/listar.php', 1)
 2 SYSTEMPATH/View/View.php(213): include('/opt/lampp/htdocs/MyPages/PageOfficial/EJERCICIO-6/Code4/app/Views/persona/listar.php')
 3 SYSTEMPATH/View/View.php(216): CodeIgniter\View\View->CodeIgniter\View\{closure}()
 4 SYSTEMPATH/Common.php(1184): CodeIgniter\View\View->render('persona/listar', [], true)
 5 APPPATH/Controllers/Home.php(9): view('persona/listar')
 6 SYSTEMPATH/CodeIgniter.php(934): App\Controllers\Home->index()
 7 SYSTEMPATH/CodeIgniter.php(499): CodeIgniter\CodeIgniter->runController(Object(App\Controllers\Home))
 8 SYSTEMPATH/CodeIgniter.php(368): CodeIgniter\CodeIgniter->handleRequest(null, Object(Config\Cache), false)
 9 FCPATH/index.php(67): CodeIgniter\CodeIgniter->run()
CRITICAL - 2023-04-24 13:53:42 --> Invalid file: "personas/flistar.php"
in SYSTEMPATH/Exceptions/FrameworkException.php on line 33.
 1 SYSTEMPATH/View/View.php(201): CodeIgniter\Exceptions\FrameworkException::forInvalidFile('personas/flistar.php')
 2 SYSTEMPATH/Common.php(1184): CodeIgniter\View\View->render('personas/flistar', [], true)
 3 APPPATH/Controllers/Personas.php(47): view('personas/flistar')
 4 SYSTEMPATH/CodeIgniter.php(934): App\Controllers\Personas->eliminar('0')
 5 SYSTEMPATH/CodeIgniter.php(499): CodeIgniter\CodeIgniter->runController(Object(App\Controllers\Personas))
 6 SYSTEMPATH/CodeIgniter.php(368): CodeIgniter\CodeIgniter->handleRequest(null, Object(Config\Cache), false)
 7 FCPATH/index.php(67): CodeIgniter\CodeIgniter->run()
CRITICAL - 2023-04-24 13:53:54 --> Invalid file: "personas/listar.php"
in SYSTEMPATH/Exceptions/FrameworkException.php on line 33.
 1 SYSTEMPATH/View/View.php(201): CodeIgniter\Exceptions\FrameworkException::forInvalidFile('personas/listar.php')
 2 SYSTEMPATH/Common.php(1184): CodeIgniter\View\View->render('personas/listar', [], true)
 3 APPPATH/Controllers/Personas.php(47): view('personas/listar')
 4 SYSTEMPATH/CodeIgniter.php(934): App\Controllers\Personas->eliminar('0')
 5 SYSTEMPATH/CodeIgniter.php(499): CodeIgniter\CodeIgniter->runController(Object(App\Controllers\Personas))
 6 SYSTEMPATH/CodeIgniter.php(368): CodeIgniter\CodeIgniter->handleRequest(null, Object(Config\Cache), false)
 7 FCPATH/index.php(67): CodeIgniter\CodeIgniter->run()
CRITICAL - 2023-04-24 13:53:56 --> Invalid file: "personas/listar.php"
in SYSTEMPATH/Exceptions/FrameworkException.php on line 33.
 1 SYSTEMPATH/View/View.php(201): CodeIgniter\Exceptions\FrameworkException::forInvalidFile('personas/listar.php')
 2 SYSTEMPATH/Common.php(1184): CodeIgniter\View\View->render('personas/listar', [], true)
 3 APPPATH/Controllers/Personas.php(47): view('personas/listar')
 4 SYSTEMPATH/CodeIgniter.php(934): App\Controllers\Personas->eliminar('0')
 5 SYSTEMPATH/CodeIgniter.php(499): CodeIgniter\CodeIgniter->runController(Object(App\Controllers\Personas))
 6 SYSTEMPATH/CodeIgniter.php(368): CodeIgniter\CodeIgniter->handleRequest(null, Object(Config\Cache), false)
 7 FCPATH/index.php(67): CodeIgniter\CodeIgniter->run()
CRITICAL - 2023-04-24 13:54:01 --> Invalid file: "personas/listar.php"
in SYSTEMPATH/Exceptions/FrameworkException.php on line 33.
 1 SYSTEMPATH/View/View.php(201): CodeIgniter\Exceptions\FrameworkException::forInvalidFile('personas/listar.php')
 2 SYSTEMPATH/Common.php(1184): CodeIgniter\View\View->render('personas/listar', [], true)
 3 APPPATH/Controllers/Personas.php(47): view('personas/listar')
 4 SYSTEMPATH/CodeIgniter.php(934): App\Controllers\Personas->eliminar('0')
 5 SYSTEMPATH/CodeIgniter.php(499): CodeIgniter\CodeIgniter->runController(Object(App\Controllers\Personas))
 6 SYSTEMPATH/CodeIgniter.php(368): CodeIgniter\CodeIgniter->handleRequest(null, Object(Config\Cache), false)
 7 FCPATH/index.php(67): CodeIgniter\CodeIgniter->run()
CRITICAL - 2023-04-24 13:54:17 --> Invalid file: "personas/listar.php"
in SYSTEMPATH/Exceptions/FrameworkException.php on line 33.
 1 SYSTEMPATH/View/View.php(201): CodeIgniter\Exceptions\FrameworkException::forInvalidFile('personas/listar.php')
 2 SYSTEMPATH/Common.php(1184): CodeIgniter\View\View->render('personas/listar', [], true)
 3 APPPATH/Controllers/Personas.php(47): view('personas/listar')
 4 SYSTEMPATH/CodeIgniter.php(934): App\Controllers\Personas->eliminar('0')
 5 SYSTEMPATH/CodeIgniter.php(499): CodeIgniter\CodeIgniter->runController(Object(App\Controllers\Personas))
 6 SYSTEMPATH/CodeIgniter.php(368): CodeIgniter\CodeIgniter->handleRequest(null, Object(Config\Cache), false)
 7 FCPATH/index.php(67): CodeIgniter\CodeIgniter->run()
CRITICAL - 2023-04-24 13:54:21 --> Invalid file: "personas/listar.php"
in SYSTEMPATH/Exceptions/FrameworkException.php on line 33.
 1 SYSTEMPATH/View/View.php(201): CodeIgniter\Exceptions\FrameworkException::forInvalidFile('personas/listar.php')
 2 SYSTEMPATH/Common.php(1184): CodeIgniter\View\View->render('personas/listar', [], true)
 3 APPPATH/Controllers/Personas.php(47): view('personas/listar')
 4 SYSTEMPATH/CodeIgniter.php(934): App\Controllers\Personas->eliminar('0')
 5 SYSTEMPATH/CodeIgniter.php(499): CodeIgniter\CodeIgniter->runController(Object(App\Controllers\Personas))
 6 SYSTEMPATH/CodeIgniter.php(368): CodeIgniter\CodeIgniter->handleRequest(null, Object(Config\Cache), false)
 7 FCPATH/index.php(67): CodeIgniter\CodeIgniter->run()
CRITICAL - 2023-04-24 14:06:41 --> Undefined property: App\Controllers\Personas::$requet
in APPPATH/Controllers/Personas.php on line 29.
 1 APPPATH/Controllers/Personas.php(29): CodeIgniter\Debug\Exceptions->errorHandler(2, 'Undefined property: App\\Controllers\\Personas::$requet', '/opt/lampp/htdocs/MyPages/PageOfficial/EJERCICIO-6/Code4/app/Controllers/Personas.php', 29)
 2 SYSTEMPATH/CodeIgniter.php(934): App\Controllers\Personas->guardar()
 3 SYSTEMPATH/CodeIgniter.php(499): CodeIgniter\CodeIgniter->runController(Object(App\Controllers\Personas))
 4 SYSTEMPATH/CodeIgniter.php(368): CodeIgniter\CodeIgniter->handleRequest(null, Object(Config\Cache), false)
 5 FCPATH/index.php(67): CodeIgniter\CodeIgniter->run()
